app/build/intermediates/manifest_merge_blame_file/release/processReleaseMainManifest/manifest-merger-blame-release-report.txt
1<?xml version="1.0" encoding="utf-8"?>
2<manifest xmlns:android="http://schemas.android.com/apk/res/android"
3    package="com.pules.app"
4    android:versionCode="1"
5    android:versionName="1.0" >
6
7    <uses-sdk
8        android:minSdkVersion="24"
9        android:targetSdkVersion="36" />
10
11    <uses-permission android:name="android.permission.INTERNET" />
11-->src\main\AndroidManifest.xml:4:5-67
11-->src\main\AndroidManifest.xml:4:22-64
12    <uses-permission android:name="android.permission.ACCESS_NETWORK_STATE" />
12-->src\main\AndroidManifest.xml:5:5-79
12-->src\main\AndroidManifest.xml:5:22-76
13    <uses-permission android:name="android.permission.WRITE_EXTERNAL_STORAGE" />
13-->src\main\AndroidManifest.xml:6:5-81
13-->src\main\AndroidManifest.xml:6:22-78
14    <uses-permission android:name="android.permission.READ_EXTERNAL_STORAGE" />
14-->src\main\AndroidManifest.xml:7:5-80
14-->src\main\AndroidManifest.xml:7:22-77
15    <uses-permission android:name="android.permission.POST_NOTIFICATIONS" />
15-->src\main\AndroidManifest.xml:8:5-77
15-->src\main\AndroidManifest.xml:8:22-74
16    <uses-permission android:name="android.permission.RECEIVE_BOOT_COMPLETED" />
16-->src\main\AndroidManifest.xml:9:5-81
16-->src\main\AndroidManifest.xml:9:22-78
17    <uses-permission android:name="android.permission.WAKE_LOCK" />
17-->src\main\AndroidManifest.xml:10:5-68
17-->src\main\AndroidManifest.xml:10:22-65
18    <uses-permission android:name="android.permission.USE_BIOMETRIC" /> <!-- suppress DeprecatedClassUsageInspection -->
18-->[androidx.biometric:biometric:1.4.0-alpha02] AndroidManifest.xml:22:5-72
18-->[androidx.biometric:biometric:1.4.0-alpha02] AndroidManifest.xml:22:22-69
19    <uses-permission android:name="android.permission.USE_FINGERPRINT" />
19-->[androidx.biometric:biometric:1.4.0-alpha02] AndroidManifest.xml:25:5-74
19-->[androidx.biometric:biometric:1.4.0-alpha02] AndroidManifest.xml:25:22-71
20    <uses-permission android:name="android.permission.FOREGROUND_SERVICE" />
20-->[androidx.work:work-runtime:2.10.0-alpha03] AndroidManifest.xml:26:5-77
20-->[androidx.work:work-runtime:2.10.0-alpha03] AndroidManifest.xml:26:22-74
21
22    <permission
22-->[androidx.core:core:1.17.0] AndroidManifest.xml:22:5-24:47
23        android:name="com.pules.app.DYNAMIC_RECEIVER_NOT_EXPORTED_PERMISSION"
23-->[androidx.core:core:1.17.0] AndroidManifest.xml:23:9-81
24        android:protectionLevel="signature" />
24-->[androidx.core:core:1.17.0] AndroidManifest.xml:24:9-44
25
26    <uses-permission android:name="com.pules.app.DYNAMIC_RECEIVER_NOT_EXPORTED_PERMISSION" />
26-->[androidx.core:core:1.17.0] AndroidManifest.xml:26:5-97
26-->[androidx.core:core:1.17.0] AndroidManifest.xml:26:22-94
27
28    <application
28-->src\main\AndroidManifest.xml:12:5-58:19
29        android:name="com.pules.app.PulesApplication"
29-->src\main\AndroidManifest.xml:13:9-41
30        android:allowBackup="true"
30-->src\main\AndroidManifest.xml:14:9-35
31        android:appComponentFactory="androidx.core.app.CoreComponentFactory"
31-->[androidx.core:core:1.17.0] AndroidManifest.xml:28:18-86
32        android:extractNativeLibs="false"
33        android:icon="@mipmap/ic_launcher"
33-->src\main\AndroidManifest.xml:15:9-43
34        android:label="@string/app_name"
34-->src\main\AndroidManifest.xml:16:9-41
35        android:smallIcon="@drawable/ic_notification"
35-->src\main\AndroidManifest.xml:17:9-54
36        android:supportsRtl="true"
36-->src\main\AndroidManifest.xml:19:9-35
37        android:theme="@style/Theme.Pules" >
37-->src\main\AndroidManifest.xml:20:9-43
38        <activity
38-->src\main\AndroidManifest.xml:21:9-42:20
39            android:name="com.pules.app.MainActivity"
39-->src\main\AndroidManifest.xml:22:13-41
40            android:exported="true"
40-->src\main\AndroidManifest.xml:23:13-36
41            android:label="@string/app_name"
41-->src\main\AndroidManifest.xml:24:13-45
42            android:theme="@style/Theme.Pules" >
42-->src\main\AndroidManifest.xml:25:13-47
43            <intent-filter>
43-->src\main\AndroidManifest.xml:26:13-29:29
44                <action android:name="android.intent.action.MAIN" />
44-->src\main\AndroidManifest.xml:27:17-69
44-->src\main\AndroidManifest.xml:27:25-66
45
46                <category android:name="android.intent.category.LAUNCHER" />
46-->src\main\AndroidManifest.xml:28:17-77
46-->src\main\AndroidManifest.xml:28:27-74
47            </intent-filter>
48            <intent-filter>
48-->src\main\AndroidManifest.xml:30:13-40:29
49                <action android:name="android.intent.action.VIEW" />
49-->src\main\AndroidManifest.xml:31:17-69
49-->src\main\AndroidManifest.xml:31:25-66
50
51                <category android:name="android.intent.category.DEFAULT" />
51-->src\main\AndroidManifest.xml:32:17-76
51-->src\main\AndroidManifest.xml:32:27-73
52                <category android:name="android.intent.category.BROWSABLE" />
52-->src\main\AndroidManifest.xml:33:17-78
52-->src\main\AndroidManifest.xml:33:27-75
53
54                <data
54-->src\main\AndroidManifest.xml:34:17-36:49
55                    android:host="favorites"
55-->src\main\AndroidManifest.xml:35:21-45
56                    android:scheme="pulesapp" />
56-->src\main\AndroidManifest.xml:36:21-46
57                <data
57-->src\main\AndroidManifest.xml:34:17-36:49
58                    android:host="read_later"
58-->src\main\AndroidManifest.xml:35:21-45
59                    android:scheme="pulesapp" />
59-->src\main\AndroidManifest.xml:36:21-46
60            </intent-filter>
61
62            <meta-data
62-->src\main\AndroidManifest.xml:41:13-97
63                android:name="android.app.shortcuts"
63-->src\main\AndroidManifest.xml:41:24-60
64                android:resource="@xml/shortcuts" />
64-->src\main\AndroidManifest.xml:41:61-94
65        </activity>
66
67        <receiver
67-->src\main\AndroidManifest.xml:44:9-49:20
68            android:name="com.pules.app.widgets.PulesAppWidget"
68-->src\main\AndroidManifest.xml:44:19-57
69            android:exported="true" >
69-->src\main\AndroidManifest.xml:44:58-81
70            <intent-filter>
70-->src\main\AndroidManifest.xml:45:13-47:29
71                <action android:name="android.appwidget.action.APPWIDGET_UPDATE" />
71-->src\main\AndroidManifest.xml:46:17-84
71-->src\main\AndroidManifest.xml:46:25-81
72            </intent-filter>
73
74            <meta-data
74-->src\main\AndroidManifest.xml:48:13-114
75                android:name="android.appwidget.provider"
75-->src\main\AndroidManifest.xml:48:24-65
76                android:resource="@xml/pules_app_widget_info" />
76-->src\main\AndroidManifest.xml:48:66-111
77        </receiver>
78
79        <service
79-->src\main\AndroidManifest.xml:51:9-54:40
80            android:name="com.pules.app.widgets.PulesAppWidgetService"
80-->src\main\AndroidManifest.xml:52:13-58
81            android:exported="false"
81-->src\main\AndroidManifest.xml:54:13-37
82            android:permission="android.permission.BIND_REMOTEVIEWS" />
82-->src\main\AndroidManifest.xml:53:13-69
83
84        <provider
84-->[androidx.work:work-runtime:2.10.0-alpha03] AndroidManifest.xml:29:9-37:20
85            android:name="androidx.startup.InitializationProvider"
85-->[androidx.work:work-runtime:2.10.0-alpha03] AndroidManifest.xml:30:13-67
86            android:authorities="com.pules.app.androidx-startup"
86-->[androidx.work:work-runtime:2.10.0-alpha03] AndroidManifest.xml:31:13-68
87            android:exported="false" >
87-->[androidx.work:work-runtime:2.10.0-alpha03] AndroidManifest.xml:32:13-37
88            <meta-data
88-->[androidx.work:work-runtime:2.10.0-alpha03] AndroidManifest.xml:34:13-36:52
89                android:name="androidx.work.WorkManagerInitializer"
89-->[androidx.work:work-runtime:2.10.0-alpha03] AndroidManifest.xml:35:17-68
90                android:value="androidx.startup" />
90-->[androidx.work:work-runtime:2.10.0-alpha03] AndroidManifest.xml:36:17-49
91            <meta-data
91-->[androidx.emoji2:emoji2:1.4.0] AndroidManifest.xml:29:13-31:52
92                android:name="androidx.emoji2.text.EmojiCompatInitializer"
92-->[androidx.emoji2:emoji2:1.4.0] AndroidManifest.xml:30:17-75
93                android:value="androidx.startup" />
93-->[androidx.emoji2:emoji2:1.4.0] AndroidManifest.xml:31:17-49
94            <meta-data
94-->[androidx.lifecycle:lifecycle-process:2.9.4] AndroidManifest.xml:29:13-31:52
95                android:name="androidx.lifecycle.ProcessLifecycleInitializer"
95-->[androidx.lifecycle:lifecycle-process:2.9.4] AndroidManifest.xml:30:17-78
96                android:value="androidx.startup" />
96-->[androidx.lifecycle:lifecycle-process:2.9.4] AndroidManifest.xml:31:17-49
97            <meta-data
97-->[com.squareup.okhttp3:okhttp-android:5.1.0] AndroidManifest.xml:16:13-18:52
98                android:name="okhttp3.internal.platform.PlatformInitializer"
98-->[com.squareup.okhttp3:okhttp-android:5.1.0] AndroidManifest.xml:17:17-77
99                android:value="androidx.startup" />
99-->[com.squareup.okhttp3:okhttp-android:5.1.0] AndroidManifest.xml:18:17-49
100            <meta-data
100-->[androidx.profileinstaller:profileinstaller:1.4.1] AndroidManifest.xml:29:13-31:52
101                android:name="androidx.profileinstaller.ProfileInstallerInitializer"
101-->[androidx.profileinstaller:profileinstaller:1.4.1] AndroidManifest.xml:30:17-85
102                android:value="androidx.startup" />
102-->[androidx.profileinstaller:profileinstaller:1.4.1] AndroidManifest.xml:31:17-49
103        </provider>
104
105        <service
105-->[androidx.work:work-runtime:2.10.0-alpha03] AndroidManifest.xml:39:9-45:35
106            android:name="androidx.work.impl.background.systemalarm.SystemAlarmService"
106-->[androidx.work:work-runtime:2.10.0-alpha03] AndroidManifest.xml:40:13-88
107            android:directBootAware="false"
107-->[androidx.work:work-runtime:2.10.0-alpha03] AndroidManifest.xml:41:13-44
108            android:enabled="@bool/enable_system_alarm_service_default"
108-->[androidx.work:work-runtime:2.10.0-alpha03] AndroidManifest.xml:42:13-72
109            android:exported="false" />
109-->[androidx.work:work-runtime:2.10.0-alpha03] AndroidManifest.xml:43:13-37
110        <service
110-->[androidx.work:work-runtime:2.10.0-alpha03] AndroidManifest.xml:46:9-52:35
111            android:name="androidx.work.impl.background.systemjob.SystemJobService"
111-->[androidx.work:work-runtime:2.10.0-alpha03] AndroidManifest.xml:47:13-84
112            android:directBootAware="false"
112-->[androidx.work:work-runtime:2.10.0-alpha03] AndroidManifest.xml:48:13-44
113            android:enabled="@bool/enable_system_job_service_default"
113-->[androidx.work:work-runtime:2.10.0-alpha03] AndroidManifest.xml:49:13-70
114            android:exported="true"
114-->[androidx.work:work-runtime:2.10.0-alpha03] AndroidManifest.xml:50:13-36
115            android:permission="android.permission.BIND_JOB_SERVICE" />
115-->[androidx.work:work-runtime:2.10.0-alpha03] AndroidManifest.xml:51:13-69
116        <service
116-->[androidx.work:work-runtime:2.10.0-alpha03] AndroidManifest.xml:53:9-59:35
117            android:name="androidx.work.impl.foreground.SystemForegroundService"
117-->[androidx.work:work-runtime:2.10.0-alpha03] AndroidManifest.xml:54:13-81
118            android:directBootAware="false"
118-->[androidx.work:work-runtime:2.10.0-alpha03] AndroidManifest.xml:55:13-44
119            android:enabled="@bool/enable_system_foreground_service_default"
119-->[androidx.work:work-runtime:2.10.0-alpha03] AndroidManifest.xml:56:13-77
120            android:exported="false" />
120-->[androidx.work:work-runtime:2.10.0-alpha03] AndroidManifest.xml:57:13-37
121
122        <receiver
122-->[androidx.work:work-runtime:2.10.0-alpha03] AndroidManifest.xml:61:9-66:35
123            android:name="androidx.work.impl.utils.ForceStopRunnable$BroadcastReceiver"
123-->[androidx.work:work-runtime:2.10.0-alpha03] AndroidManifest.xml:62:13-88
124            android:directBootAware="false"
124-->[androidx.work:work-runtime:2.10.0-alpha03] AndroidManifest.xml:63:13-44
125            android:enabled="true"
125-->[androidx.work:work-runtime:2.10.0-alpha03] AndroidManifest.xml:64:13-35
126            android:exported="false" />
126-->[androidx.work:work-runtime:2.10.0-alpha03] AndroidManifest.xml:65:13-37
127        <receiver
127-->[androidx.work:work-runtime:2.10.0-alpha03] AndroidManifest.xml:67:9-77:20
128            android:name="androidx.work.impl.background.systemalarm.ConstraintProxy$BatteryChargingProxy"
128-->[androidx.work:work-runtime:2.10.0-alpha03] AndroidManifest.xml:68:13-106
129            android:directBootAware="false"
129-->[androidx.work:work-runtime:2.10.0-alpha03] AndroidManifest.xml:69:13-44
130            android:enabled="false"
130-->[androidx.work:work-runtime:2.10.0-alpha03] AndroidManifest.xml:70:13-36
131            android:exported="false" >
131-->[androidx.work:work-runtime:2.10.0-alpha03] AndroidManifest.xml:71:13-37
132            <intent-filter>
132-->[androidx.work:work-runtime:2.10.0-alpha03] AndroidManifest.xml:73:13-76:29
133                <action android:name="android.intent.action.ACTION_POWER_CONNECTED" />
133-->[androidx.work:work-runtime:2.10.0-alpha03] AndroidManifest.xml:74:17-87
133-->[androidx.work:work-runtime:2.10.0-alpha03] AndroidManifest.xml:74:25-84
134                <action android:name="android.intent.action.ACTION_POWER_DISCONNECTED" />
134-->[androidx.work:work-runtime:2.10.0-alpha03] AndroidManifest.xml:75:17-90
134-->[androidx.work:work-runtime:2.10.0-alpha03] AndroidManifest.xml:75:25-87
135            </intent-filter>
136        </receiver>
137        <receiver
137-->[androidx.work:work-runtime:2.10.0-alpha03] AndroidManifest.xml:78:9-88:20
138            android:name="androidx.work.impl.background.systemalarm.ConstraintProxy$BatteryNotLowProxy"
138-->[androidx.work:work-runtime:2.10.0-alpha03] AndroidManifest.xml:79:13-104
139            android:directBootAware="false"
139-->[androidx.work:work-runtime:2.10.0-alpha03] AndroidManifest.xml:80:13-44
140            android:enabled="false"
140-->[androidx.work:work-runtime:2.10.0-alpha03] AndroidManifest.xml:81:13-36
141            android:exported="false" >
141-->[androidx.work:work-runtime:2.10.0-alpha03] AndroidManifest.xml:82:13-37
142            <intent-filter>
142-->[androidx.work:work-runtime:2.10.0-alpha03] AndroidManifest.xml:84:13-87:29
143                <action android:name="android.intent.action.BATTERY_OKAY" />
143-->[androidx.work:work-runtime:2.10.0-alpha03] AndroidManifest.xml:85:17-77
143-->[androidx.work:work-runtime:2.10.0-alpha03] AndroidManifest.xml:85:25-74
144                <action android:name="android.intent.action.BATTERY_LOW" />
144-->[androidx.work:work-runtime:2.10.0-alpha03] AndroidManifest.xml:86:17-76
144-->[androidx.work:work-runtime:2.10.0-alpha03] AndroidManifest.xml:86:25-73
145            </intent-filter>
146        </receiver>
147        <receiver
147-->[androidx.work:work-runtime:2.10.0-alpha03] AndroidManifest.xml:89:9-99:20
148            android:name="androidx.work.impl.background.systemalarm.ConstraintProxy$StorageNotLowProxy"
148-->[androidx.work:work-runtime:2.10.0-alpha03] AndroidManifest.xml:90:13-104
149            android:directBootAware="false"
149-->[androidx.work:work-runtime:2.10.0-alpha03] AndroidManifest.xml:91:13-44
150            android:enabled="false"
150-->[androidx.work:work-runtime:2.10.0-alpha03] AndroidManifest.xml:92:13-36
151            android:exported="false" >
151-->[androidx.work:work-runtime:2.10.0-alpha03] AndroidManifest.xml:93:13-37
152            <intent-filter>
152-->[androidx.work:work-runtime:2.10.0-alpha03] AndroidManifest.xml:95:13-98:29
153                <action android:name="android.intent.action.DEVICE_STORAGE_LOW" />
153-->[androidx.work:work-runtime:2.10.0-alpha03] AndroidManifest.xml:96:17-83
153-->[androidx.work:work-runtime:2.10.0-alpha03] AndroidManifest.xml:96:25-80
154                <action android:name="android.intent.action.DEVICE_STORAGE_OK" />
154-->[androidx.work:work-runtime:2.10.0-alpha03] AndroidManifest.xml:97:17-82
154-->[androidx.work:work-runtime:2.10.0-alpha03] AndroidManifest.xml:97:25-79
155            </intent-filter>
156        </receiver>
157        <receiver
157-->[androidx.work:work-runtime:2.10.0-alpha03] AndroidManifest.xml:100:9-109:20
158            android:name="androidx.work.impl.background.systemalarm.ConstraintProxy$NetworkStateProxy"
158-->[androidx.work:work-runtime:2.10.0-alpha03] AndroidManifest.xml:101:13-103
159            android:directBootAware="false"
159-->[androidx.work:work-runtime:2.10.0-alpha03] AndroidManifest.xml:102:13-44
160            android:enabled="false"
160-->[androidx.work:work-runtime:2.10.0-alpha03] AndroidManifest.xml:103:13-36
161            android:exported="false" >
161-->[androidx.work:work-runtime:2.10.0-alpha03] AndroidManifest.xml:104:13-37
162            <intent-filter>
162-->[androidx.work:work-runtime:2.10.0-alpha03] AndroidManifest.xml:106:13-108:29
163                <action android:name="android.net.conn.CONNECTIVITY_CHANGE" />
163-->[androidx.work:work-runtime:2.10.0-alpha03] AndroidManifest.xml:107:17-79
163-->[androidx.work:work-runtime:2.10.0-alpha03] AndroidManifest.xml:107:25-76
164            </intent-filter>
165        </receiver>
166        <receiver
166-->[androidx.work:work-runtime:2.10.0-alpha03] AndroidManifest.xml:110:9-121:20
167            android:name="androidx.work.impl.background.systemalarm.RescheduleReceiver"
167-->[androidx.work:work-runtime:2.10.0-alpha03] AndroidManifest.xml:111:13-88
168            android:directBootAware="false"
168-->[androidx.work:work-runtime:2.10.0-alpha03] AndroidManifest.xml:112:13-44
169            android:enabled="false"
169-->[androidx.work:work-runtime:2.10.0-alpha03] AndroidManifest.xml:113:13-36
170            android:exported="false" >
170-->[androidx.work:work-runtime:2.10.0-alpha03] AndroidManifest.xml:114:13-37
171            <intent-filter>
171-->[androidx.work:work-runtime:2.10.0-alpha03] AndroidManifest.xml:116:13-120:29
172                <action android:name="android.intent.action.BOOT_COMPLETED" />
172-->[androidx.work:work-runtime:2.10.0-alpha03] AndroidManifest.xml:117:17-79
172-->[androidx.work:work-runtime:2.10.0-alpha03] AndroidManifest.xml:117:25-76
173                <action android:name="android.intent.action.TIME_SET" />
173-->[androidx.work:work-runtime:2.10.0-alpha03] AndroidManifest.xml:118:17-73
173-->[androidx.work:work-runtime:2.10.0-alpha03] AndroidManifest.xml:118:25-70
174                <action android:name="android.intent.action.TIMEZONE_CHANGED" />
174-->[androidx.work:work-runtime:2.10.0-alpha03] AndroidManifest.xml:119:17-81
174-->[androidx.work:work-runtime:2.10.0-alpha03] AndroidManifest.xml:119:25-78
175            </intent-filter>
176        </receiver>
177        <receiver
177-->[androidx.work:work-runtime:2.10.0-alpha03] AndroidManifest.xml:122:9-131:20
178            android:name="androidx.work.impl.background.systemalarm.ConstraintProxyUpdateReceiver"
178-->[androidx.work:work-runtime:2.10.0-alpha03] AndroidManifest.xml:123:13-99
179            android:directBootAware="false"
179-->[androidx.work:work-runtime:2.10.0-alpha03] AndroidManifest.xml:124:13-44
180            android:enabled="@bool/enable_system_alarm_service_default"
180-->[androidx.work:work-runtime:2.10.0-alpha03] AndroidManifest.xml:125:13-72
181            android:exported="false" >
181-->[androidx.work:work-runtime:2.10.0-alpha03] AndroidManifest.xml:126:13-37
182            <intent-filter>
182-->[androidx.work:work-runtime:2.10.0-alpha03] AndroidManifest.xml:128:13-130:29
183                <action android:name="androidx.work.impl.background.systemalarm.UpdateProxies" />
183-->[androidx.work:work-runtime:2.10.0-alpha03] AndroidManifest.xml:129:17-98
183-->[androidx.work:work-runtime:2.10.0-alpha03] AndroidManifest.xml:129:25-95
184            </intent-filter>
185        </receiver>
186        <receiver
186-->[androidx.work:work-runtime:2.10.0-alpha03] AndroidManifest.xml:132:9-142:20
187            android:name="androidx.work.impl.diagnostics.DiagnosticsReceiver"
187-->[androidx.work:work-runtime:2.10.0-alpha03] AndroidManifest.xml:133:13-78
188            android:directBootAware="false"
188-->[androidx.work:work-runtime:2.10.0-alpha03] AndroidManifest.xml:134:13-44
189            android:enabled="true"
189-->[androidx.work:work-runtime:2.10.0-alpha03] AndroidManifest.xml:135:13-35
190            android:exported="true"
190-->[androidx.work:work-runtime:2.10.0-alpha03] AndroidManifest.xml:136:13-36
191            android:permission="android.permission.DUMP" >
191-->[androidx.work:work-runtime:2.10.0-alpha03] AndroidManifest.xml:137:13-57
192            <intent-filter>
192-->[androidx.work:work-runtime:2.10.0-alpha03] AndroidManifest.xml:139:13-141:29
193                <action android:name="androidx.work.diagnostics.REQUEST_DIAGNOSTICS" />
193-->[androidx.work:work-runtime:2.10.0-alpha03] AndroidManifest.xml:140:17-88
193-->[androidx.work:work-runtime:2.10.0-alpha03] AndroidManifest.xml:140:25-85
194            </intent-filter>
195        </receiver>
196
197        <uses-library
197-->[androidx.window:window:1.4.0] AndroidManifest.xml:23:9-25:40
198            android:name="androidx.window.extensions"
198-->[androidx.window:window:1.4.0] AndroidManifest.xml:24:13-54
199            android:required="false" />
199-->[androidx.window:window:1.4.0] AndroidManifest.xml:25:13-37
200        <uses-library
200-->[androidx.window:window:1.4.0] AndroidManifest.xml:26:9-28:40
201            android:name="androidx.window.sidecar"
201-->[androidx.window:window:1.4.0] AndroidManifest.xml:27:13-51
202            android:required="false" />
202-->[androidx.window:window:1.4.0] AndroidManifest.xml:28:13-37
203
204        <service
204-->[androidx.room:room-runtime-android:2.8.0] AndroidManifest.xml:24:9-28:63
205            android:name="androidx.room.MultiInstanceInvalidationService"
205-->[androidx.room:room-runtime-android:2.8.0] AndroidManifest.xml:25:13-74
206            android:directBootAware="true"
206-->[androidx.room:room-runtime-android:2.8.0] AndroidManifest.xml:26:13-43
207            android:exported="false" />
207-->[androidx.room:room-runtime-android:2.8.0] AndroidManifest.xml:27:13-37
208
209        <receiver
209-->[androidx.profileinstaller:profileinstaller:1.4.1] AndroidManifest.xml:34:9-52:20
210            android:name="androidx.profileinstaller.ProfileInstallReceiver"
210-->[androidx.profileinstaller:profileinstaller:1.4.1] AndroidManifest.xml:35:13-76
211            android:directBootAware="false"
211-->[androidx.profileinstaller:profileinstaller:1.4.1] AndroidManifest.xml:36:13-44
212            android:enabled="true"
212-->[androidx.profileinstaller:profileinstaller:1.4.1] AndroidManifest.xml:37:13-35
213            android:exported="true"
213-->[androidx.profileinstaller:profileinstaller:1.4.1] AndroidManifest.xml:38:13-36
214            android:permission="android.permission.DUMP" >
214-->[androidx.profileinstaller:profileinstaller:1.4.1] AndroidManifest.xml:39:13-57
215            <intent-filter>
215-->[androidx.profileinstaller:profileinstaller:1.4.1] AndroidManifest.xml:40:13-42:29
216                <action android:name="androidx.profileinstaller.action.INSTALL_PROFILE" />
216-->[androidx.profileinstaller:profileinstaller:1.4.1] AndroidManifest.xml:41:17-91
216-->[androidx.profileinstaller:profileinstaller:1.4.1] AndroidManifest.xml:41:25-88
217            </intent-filter>
218            <intent-filter>
218-->[androidx.profileinstaller:profileinstaller:1.4.1] AndroidManifest.xml:43:13-45:29
219                <action android:name="androidx.profileinstaller.action.SKIP_FILE" />
219-->[androidx.profileinstaller:profileinstaller:1.4.1] AndroidManifest.xml:44:17-85
219-->[androidx.profileinstaller:profileinstaller:1.4.1] AndroidManifest.xml:44:25-82
220            </intent-filter>
221            <intent-filter>
221-->[androidx.profileinstaller:profileinstaller:1.4.1] AndroidManifest.xml:46:13-48:29
222                <action android:name="androidx.profileinstaller.action.SAVE_PROFILE" />
222-->[androidx.profileinstaller:profileinstaller:1.4.1] AndroidManifest.xml:47:17-88
222-->[androidx.profileinstaller:profileinstaller:1.4.1] AndroidManifest.xml:47:25-85
223            </intent-filter>
224            <intent-filter>
224-->[androidx.profileinstaller:profileinstaller:1.4.1] AndroidManifest.xml:49:13-51:29
225                <action android:name="androidx.profileinstaller.action.BENCHMARK_OPERATION" />
225-->[androidx.profileinstaller:profileinstaller:1.4.1] AndroidManifest.xml:50:17-95
225-->[androidx.profileinstaller:profileinstaller:1.4.1] AndroidManifest.xml:50:25-92
226            </intent-filter>
227        </receiver>
228    </application>
229
230</manifest>